<?xml version="1.0" encoding="UTF-8"?>
<testsuite name="pl.put.poznan.transformer.logic.ShortcutsTest" time="0.015" tests="4" errors="0" skipped="0" failures="0">
  <properties>
[...]
</properties>
  <testcase name="toShortcutPolishChars" classname="pl.put.poznan.transformer.logic.ShortcutsTest" time="0"/>
  <testcase name="nonShortcuts" classname="pl.put.poznan.transformer.logic.ShortcutsTest" time="0.015"/>
  <testcase name="toShortcut" classname="pl.put.poznan.transformer.logic.ShortcutsTest" time="0"/>
  <testcase name="toFullForm" classname="pl.put.poznan.transformer.logic.ShortcutsTest" time="0"/>
</testsuite>